[debug] [2022-06-15T21:33:22.299Z] ----------------------------------------------------------------------
[debug] [2022-06-15T21:33:22.300Z] Command:       C:\Program Files\nodejs\node.exe C:\Users\jules\AppData\Roaming\npm\node_modules\firebase-tools\lib\bin\firebase.js deploy --only functions,hosting
[debug] [2022-06-15T21:33:22.301Z] CLI Version:   11.0.1
[debug] [2022-06-15T21:33:22.301Z] Platform:      win32
[debug] [2022-06-15T21:33:22.301Z] Node Version:  v16.15.0
[debug] [2022-06-15T21:33:22.306Z] Time:          Wed Jun 15 2022 23:33:22 GMT+0200 (Central European Summer Time)
[debug] [2022-06-15T21:33:22.306Z] ----------------------------------------------------------------------
[debug] 
[debug] [2022-06-15T21:33:22.309Z] >>> [apiv2][query] GET https://firebase-public.firebaseio.com/cli.json [none]
[debug] [2022-06-15T21:33:22.379Z] Object "" in "firebase.json" has unknown property: {"additionalProperty":"ignore"}
[debug] [2022-06-15T21:33:22.384Z] > command requires scopes: ["email","openid","https://www.googleapis.com/auth/cloudplatformprojects.readonly","https://www.googleapis.com/auth/firebase","https://www.googleapis.com/auth/cloud-platform"]
[debug] [2022-06-15T21:33:22.385Z] > authorizing via signed-in user (jules.westersang@gmail.com)
[debug] [2022-06-15T21:33:22.385Z] [iam] checking project portfolio-43110 for permissions ["cloudfunctions.functions.create","cloudfunctions.functions.delete","cloudfunctions.functions.get","cloudfunctions.functions.list","cloudfunctions.functions.update","cloudfunctions.operations.get","firebase.projects.get","firebasehosting.sites.update"]
[debug] [2022-06-15T21:33:22.386Z] > refreshing access token with scopes: []
[debug] [2022-06-15T21:33:22.386Z] >>> HTTP REQUEST POST https://www.googleapis.com/oauth2/v3/token  
 <request body omitted>
[debug] [2022-06-15T21:33:22.744Z] <<< HTTP RESPONSE 200 {"pragma":"no-cache","cache-control":"no-cache, no-store, max-age=0, must-revalidate","date":"Wed, 15 Jun 2022 21:33:23 GMT","expires":"Mon, 01 Jan 1990 00:00:00 GMT","content-type":"application/json; charset=utf-8","vary":"X-Origin, Referer, Origin,Accept-Encoding","server":"scaffolding on HTTPServer2","x-xss-protection":"0","x-frame-options":"SAMEORIGIN","x-content-type-options":"nosniff","alt-svc":"h3=\":443\"; ma=2592000,h3-29=\":443\"; ma=2592000,h3-Q050=\":443\"; ma=2592000,h3-Q046=\":443\"; ma=2592000,h3-Q043=\":443\"; ma=2592000,quic=\":443\"; ma=2592000; v=\"46,43\"","accept-ranges":"none","transfer-encoding":"chunked"}
[debug] [2022-06-15T21:33:22.764Z] >>> [apiv2][query] POST https://cloudresourcemanager.googleapis.com/v1/projects/portfolio-43110:testIamPermissions [none]
[debug] [2022-06-15T21:33:22.765Z] >>> [apiv2][body] POST https://cloudresourcemanager.googleapis.com/v1/projects/portfolio-43110:testIamPermissions {"permissions":["cloudfunctions.functions.create","cloudfunctions.functions.delete","cloudfunctions.functions.get","cloudfunctions.functions.list","cloudfunctions.functions.update","cloudfunctions.operations.get","firebase.projects.get","firebasehosting.sites.update"]}
[debug] [2022-06-15T21:33:23.002Z] <<< [apiv2][status] GET https://firebase-public.firebaseio.com/cli.json 200
[debug] [2022-06-15T21:33:23.002Z] <<< [apiv2][body] GET https://firebase-public.firebaseio.com/cli.json {"cloudBuildErrorAfter":1594252800000,"cloudBuildWarnAfter":1590019200000,"defaultNode10After":1594252800000,"minVersion":"3.0.5","node8DeploysDisabledAfter":1613390400000,"node8RuntimeDisabledAfter":1615809600000,"node8WarnAfter":1600128000000}
[debug] [2022-06-15T21:33:23.626Z] <<< [apiv2][status] POST https://cloudresourcemanager.googleapis.com/v1/projects/portfolio-43110:testIamPermissions 200
[debug] [2022-06-15T21:33:23.626Z] <<< [apiv2][body] POST https://cloudresourcemanager.googleapis.com/v1/projects/portfolio-43110:testIamPermissions {"permissions":["cloudfunctions.functions.create","cloudfunctions.functions.delete","cloudfunctions.functions.get","cloudfunctions.functions.list","cloudfunctions.functions.update","cloudfunctions.operations.get","firebase.projects.get","firebasehosting.sites.update"]}
[debug] [2022-06-15T21:33:23.627Z] >>> [apiv2][query] POST https://iam.googleapis.com/v1/projects/portfolio-43110/serviceAccounts/portfolio-43110@appspot.gserviceaccount.com:testIamPermissions [none]
[debug] [2022-06-15T21:33:23.627Z] >>> [apiv2][body] POST https://iam.googleapis.com/v1/projects/portfolio-43110/serviceAccounts/portfolio-43110@appspot.gserviceaccount.com:testIamPermissions {"permissions":["iam.serviceAccounts.actAs"]}
[debug] [2022-06-15T21:33:24.435Z] <<< [apiv2][status] POST https://iam.googleapis.com/v1/projects/portfolio-43110/serviceAccounts/portfolio-43110@appspot.gserviceaccount.com:testIamPermissions 200
[debug] [2022-06-15T21:33:24.435Z] <<< [apiv2][body] POST https://iam.googleapis.com/v1/projects/portfolio-43110/serviceAccounts/portfolio-43110@appspot.gserviceaccount.com:testIamPermissions {"permissions":["iam.serviceAccounts.actAs"]}
[debug] [2022-06-15T21:33:24.436Z] >>> [apiv2][query] GET https://firebase.googleapis.com/v1beta1/projects/portfolio-43110 [none]
[debug] [2022-06-15T21:33:24.917Z] <<< [apiv2][status] GET https://firebase.googleapis.com/v1beta1/projects/portfolio-43110 200
[debug] [2022-06-15T21:33:24.917Z] <<< [apiv2][body] GET https://firebase.googleapis.com/v1beta1/projects/portfolio-43110 {"projectId":"portfolio-43110","projectNumber":"1070498965772","displayName":"portfolio","name":"projects/portfolio-43110","resources":{"hostingSite":"portfolio-43110","storageBucket":"portfolio-43110.appspot.com","locationId":"europe-west"},"state":"ACTIVE"}
[info] 
[info] === Deploying to 'portfolio-43110'...
[info] 
[info] i  deploying functions, hosting 
[debug] [2022-06-15T21:33:24.922Z] >>> [apiv2][query] GET https://firebase.googleapis.com/v1beta1/projects/portfolio-43110 [none]
[debug] [2022-06-15T21:33:25.367Z] <<< [apiv2][status] GET https://firebase.googleapis.com/v1beta1/projects/portfolio-43110 200
[debug] [2022-06-15T21:33:25.368Z] <<< [apiv2][body] GET https://firebase.googleapis.com/v1beta1/projects/portfolio-43110 {"projectId":"portfolio-43110","projectNumber":"1070498965772","displayName":"portfolio","name":"projects/portfolio-43110","resources":{"hostingSite":"portfolio-43110","storageBucket":"portfolio-43110.appspot.com","locationId":"europe-west"},"state":"ACTIVE"}
[info] i  functions: ensuring required API cloudfunctions.googleapis.com is enabled... 
[info] i  functions: ensuring required API cloudbuild.googleapis.com is enabled... 
[debug] [2022-06-15T21:33:25.376Z] >>> [apiv2][query] GET https://serviceusage.googleapis.com/v1/projects/portfolio-43110/services/cloudfunctions.googleapis.com [none]
[debug] [2022-06-15T21:33:25.380Z] >>> [apiv2][query] GET https://serviceusage.googleapis.com/v1/projects/portfolio-43110/services/runtimeconfig.googleapis.com [none]
[debug] [2022-06-15T21:33:25.381Z] >>> [apiv2][query] GET https://serviceusage.googleapis.com/v1/projects/portfolio-43110/services/cloudbuild.googleapis.com [none]
[debug] [2022-06-15T21:33:25.381Z] >>> [apiv2][query] GET https://serviceusage.googleapis.com/v1/projects/portfolio-43110/services/artifactregistry.googleapis.com [none]
[debug] [2022-06-15T21:33:26.458Z] <<< [apiv2][status] GET https://serviceusage.googleapis.com/v1/projects/portfolio-43110/services/artifactregistry.googleapis.com 200
[debug] [2022-06-15T21:33:26.458Z] <<< [apiv2][body] GET https://serviceusage.googleapis.com/v1/projects/portfolio-43110/services/artifactregistry.googleapis.com [omitted]
[debug] [2022-06-15T21:33:26.459Z] <<< [apiv2][status] GET https://serviceusage.googleapis.com/v1/projects/portfolio-43110/services/cloudbuild.googleapis.com 200
[debug] [2022-06-15T21:33:26.459Z] <<< [apiv2][body] GET https://serviceusage.googleapis.com/v1/projects/portfolio-43110/services/cloudbuild.googleapis.com [omitted]
[info] +  functions: required API cloudbuild.googleapis.com is enabled 
[debug] [2022-06-15T21:33:26.491Z] <<< [apiv2][status] GET https://serviceusage.googleapis.com/v1/projects/portfolio-43110/services/runtimeconfig.googleapis.com 200
[debug] [2022-06-15T21:33:26.492Z] <<< [apiv2][body] GET https://serviceusage.googleapis.com/v1/projects/portfolio-43110/services/runtimeconfig.googleapis.com [omitted]
[debug] [2022-06-15T21:33:26.493Z] <<< [apiv2][status] GET https://serviceusage.googleapis.com/v1/projects/portfolio-43110/services/cloudfunctions.googleapis.com 200
[debug] [2022-06-15T21:33:26.493Z] <<< [apiv2][body] GET https://serviceusage.googleapis.com/v1/projects/portfolio-43110/services/cloudfunctions.googleapis.com [omitted]
[info] +  functions: required API cloudfunctions.googleapis.com is enabled 
[debug] [2022-06-15T21:33:26.494Z] >>> [apiv2][query] GET https://firebase.googleapis.com/v1beta1/projects/portfolio-43110/adminSdkConfig [none]
[debug] [2022-06-15T21:33:26.887Z] <<< [apiv2][status] GET https://firebase.googleapis.com/v1beta1/projects/portfolio-43110/adminSdkConfig 200
[debug] [2022-06-15T21:33:26.888Z] <<< [apiv2][body] GET https://firebase.googleapis.com/v1beta1/projects/portfolio-43110/adminSdkConfig {"projectId":"portfolio-43110","storageBucket":"portfolio-43110.appspot.com","locationId":"europe-west"}
[debug] [2022-06-15T21:33:26.888Z] >>> [apiv2][query] GET https://runtimeconfig.googleapis.com/v1beta1/projects/portfolio-43110/configs [none]
[debug] [2022-06-15T21:33:27.387Z] <<< [apiv2][status] GET https://runtimeconfig.googleapis.com/v1beta1/projects/portfolio-43110/configs 200
[debug] [2022-06-15T21:33:27.388Z] <<< [apiv2][body] GET https://runtimeconfig.googleapis.com/v1beta1/projects/portfolio-43110/configs {}
[info] i  functions: preparing codebase default for deployment 
[debug] [2022-06-15T21:33:27.397Z] Validating nodejs source
[debug] [2022-06-15T21:33:30.440Z] > [functions] package.json contents: {
  "private": true,
  "main": "firebaseFunctions.js",
  "scripts": {
    "dev": "next src/",
    "build": "next build src/",
    "start": "next start src/",
    "serve": "npm run build && firebase emulators:start --only functions,hosting",
    "shell": "npm run build && firebase functions:shell",
    "deploy": "npm run build && firebase deploy --only functions,hosting",
    "logs": "firebase functions:log"
  },
  "dependencies": {
    "@fortawesome/fontawesome-svg-core": "^6.1.1",
    "@fortawesome/free-solid-svg-icons": "^6.1.1",
    "bulma": "^0.9.4",
    "bulma-prefers-dark": "^0.1.0-beta.1",
    "firebase-admin": "^10.2.0",
    "firebase-functions": "^3.21.2",
    "fs": "^0.0.1-security",
    "next": "12.1.6",
    "prettier": "^2.6.2",
    "react": "18.1.0",
    "react-bulma-components": "^4.1.0",
    "react-dom": "18.1.0",
    "react-icons": "^4.4.0",
    "sass": "^1.52.2",
    "sharp": "^0.30.6"
  },
  "devDependencies": {
    "@types/node": "17.0.39",
    "@types/react": "18.0.11",
    "@types/react-dom": "18.0.5",
    "@typescript-eslint/eslint-plugin": "^5.27.1",
    "@typescript-eslint/parser": "^5.27.1",
    "autoprefixer": "^10.4.7",
    "eslint": "^8.17.0",
    "eslint-config-next": "12.1.6",
    "eslint-plugin-react": "^7.30.0",
    "typescript": "4.7.3"
  }
}
[debug] [2022-06-15T21:33:30.441Z] Building nodejs source
[debug] [2022-06-15T21:33:30.441Z] Analyzing nodejs backend spec
[debug] [2022-06-15T21:33:30.442Z] Could not find functions.yaml. Must use http discovery
[debug] [2022-06-15T21:33:30.711Z] Serving at port 9005

[debug] [2022-06-15T21:33:30.844Z] Got response from /__/functions.yaml {"endpoints":{"nextjsFunc":{"platform":"gcfv1","httpsTrigger":{},"entryPoint":"nextjsFunc"}},"specVersion":"v1alpha1","requiredAPIs":[]}
[debug] [2022-06-15T21:33:30.852Z] shutdown requested via /__/quitquitquit

[info] i  functions: preparing . directory for uploading... 
[info] i  functions: packaged C:\Users\jules\projects\portfolio (125.8 MB) for uploading 
[debug] [2022-06-15T21:33:37.455Z] >>> [apiv2][query] GET https://cloudfunctions.googleapis.com/v1/projects/portfolio-43110/locations/-/functions [none]
[debug] [2022-06-15T21:33:38.289Z] <<< [apiv2][status] GET https://cloudfunctions.googleapis.com/v1/projects/portfolio-43110/locations/-/functions 200
[debug] [2022-06-15T21:33:38.290Z] <<< [apiv2][body] GET https://cloudfunctions.googleapis.com/v1/projects/portfolio-43110/locations/-/functions {"functions":[{"name":"projects/portfolio-43110/locations/us-central1/functions/nextjsFunc","httpsTrigger":{"url":"https://us-central1-portfolio-43110.cloudfunctions.net/nextjsFunc","securityLevel":"SECURE_ALWAYS"},"status":"ACTIVE","entryPoint":"nextjsFunc","timeout":"60s","availableMemoryMb":256,"serviceAccountEmail":"portfolio-43110@appspot.gserviceaccount.com","updateTime":"2022-06-14T17:44:11.679Z","versionId":"11","labels":{"deployment-tool":"cli-firebase"},"sourceUploadUrl":"https://storage.googleapis.com/uploads-367796614444.us-central1.cloudfunctions.appspot.com/ddb9b098-1f6d-44c2-ae3a-10fbd4244b2d.zip","environmentVariables":{"FIREBASE_CONFIG":"{\"projectId\":\"portfolio-43110\",\"storageBucket\":\"portfolio-43110.appspot.com\",\"locationId\":\"europe-west\"}","GCLOUD_PROJECT":"portfolio-43110"},"runtime":"nodejs14","ingressSettings":"ALLOW_ALL","buildId":"23eab955-55d2-439d-b90d-d63c8759b3c6","buildName":"projects/1070498965772/locations/us-central1/builds/23eab955-55d2-439d-b90d-d63c8759b3c6","dockerRegistry":"CONTAINER_REGISTRY"}]}
[debug] [2022-06-15T21:33:38.293Z] >>> [apiv2][query] GET https://cloudfunctions.googleapis.com/v2alpha/projects/portfolio-43110/locations/-/functions [none]
[debug] [2022-06-15T21:33:39.726Z] <<< [apiv2][status] GET https://cloudfunctions.googleapis.com/v2alpha/projects/portfolio-43110/locations/-/functions 200
[debug] [2022-06-15T21:33:39.726Z] <<< [apiv2][body] GET https://cloudfunctions.googleapis.com/v2alpha/projects/portfolio-43110/locations/-/functions {}
[debug] [2022-06-15T21:33:39.743Z] >>> [apiv2][query] GET https://firebase.googleapis.com/v1beta1/projects/portfolio-43110 [none]
[debug] [2022-06-15T21:33:40.187Z] <<< [apiv2][status] GET https://firebase.googleapis.com/v1beta1/projects/portfolio-43110 200
[debug] [2022-06-15T21:33:40.187Z] <<< [apiv2][body] GET https://firebase.googleapis.com/v1beta1/projects/portfolio-43110 {"projectId":"portfolio-43110","projectNumber":"1070498965772","displayName":"portfolio","name":"projects/portfolio-43110","resources":{"hostingSite":"portfolio-43110","storageBucket":"portfolio-43110.appspot.com","locationId":"europe-west"},"state":"ACTIVE"}
[debug] [2022-06-15T21:33:40.189Z] >>> [apiv2][query] POST https://firebasehosting.googleapis.com/v1beta1/projects/1070498965772/sites/portfolio-43110/versions [none]
[debug] [2022-06-15T21:33:40.189Z] >>> [apiv2][body] POST https://firebasehosting.googleapis.com/v1beta1/projects/1070498965772/sites/portfolio-43110/versions {"config":{"rewrites":[{"glob":"**","function":"nextjsFunc","functionRegion":"us-central1"}]},"labels":{"deployment-tool":"cli-firebase"}}
[debug] [2022-06-15T21:33:41.820Z] <<< [apiv2][status] POST https://firebasehosting.googleapis.com/v1beta1/projects/1070498965772/sites/portfolio-43110/versions 200
[debug] [2022-06-15T21:33:41.821Z] <<< [apiv2][body] POST https://firebasehosting.googleapis.com/v1beta1/projects/1070498965772/sites/portfolio-43110/versions {"name":"projects/1070498965772/sites/portfolio-43110/versions/c090bb74037379df","status":"CREATED","config":{"rewrites":[{"functionRegion":"us-central1","glob":"**","function":"nextjsFunc"}]},"labels":{"deployment-tool":"cli-firebase"}}
[debug] [2022-06-15T21:33:41.825Z] >>> [apiv2][query] POST https://cloudfunctions.googleapis.com/v1/projects/portfolio-43110/locations/us-central1/functions:generateUploadUrl [none]
[debug] [2022-06-15T21:33:41.825Z] >>> [apiv2][body] POST https://cloudfunctions.googleapis.com/v1/projects/portfolio-43110/locations/us-central1/functions:generateUploadUrl {}
[debug] [2022-06-15T21:33:42.739Z] <<< [apiv2][status] POST https://cloudfunctions.googleapis.com/v1/projects/portfolio-43110/locations/us-central1/functions:generateUploadUrl 200
[debug] [2022-06-15T21:33:42.739Z] <<< [apiv2][body] POST https://cloudfunctions.googleapis.com/v1/projects/portfolio-43110/locations/us-central1/functions:generateUploadUrl {"uploadUrl":"https://storage.googleapis.com/uploads-367796614444.us-central1.cloudfunctions.appspot.com/08dded20-e172-4870-845c-0cf54b14c63b.zip?GoogleAccessId=service-1070498965772@gcf-admin-robot.iam.gserviceaccount.com&Expires=1655330622&Signature=ALguITBtbwgshBd703uAvf8QzuAtDy7fHXSpb08TtXAG61MlcAoWT8RHm69eelYLtGu5hWGft%2FbBnuI7FItcNAaF4z9LLL4qojXMibSerNw3z4ZXmxLxx3YgA31t0DXxPF02Ej%2FFE3A6sKcS72Bb3aAMXj4ggdw9JBqioOaK%2BLYLSFIOvRWaK3NhEFcRq4dMsRFBbAyiF1oxl5ocmfl0H6EavZfNQqI2Ob5JwPQJEKzopCwbNozwpvvaP%2FZghp3haMMC7V%2FFiI2grBaKXbl5UC6JkPLQnXo87JKVJuPkAtry4TE3LbkcZkiIetVnbB2QTaK%2B9jn26FaZ2w2pKJWUIw%3D%3D"}
[debug] [2022-06-15T21:33:42.740Z] >>> [apiv2][query] PUT https://storage.googleapis.com/uploads-367796614444.us-central1.cloudfunctions.appspot.com/08dded20-e172-4870-845c-0cf54b14c63b.zip GoogleAccessId=service-1070498965772%40gcf-admin-robot.iam.gserviceaccount.com&Expires=1655330622&Signature=ALguITBtbwgshBd703uAvf8QzuAtDy7fHXSpb08TtXAG61MlcAoWT8RHm69eelYLtGu5hWGft%2FbBnuI7FItcNAaF4z9LLL4qojXMibSerNw3z4ZXmxLxx3YgA31t0DXxPF02Ej%2FFE3A6sKcS72Bb3aAMXj4ggdw9JBqioOaK%2BLYLSFIOvRWaK3NhEFcRq4dMsRFBbAyiF1oxl5ocmfl0H6EavZfNQqI2Ob5JwPQJEKzopCwbNozwpvvaP%2FZghp3haMMC7V%2FFiI2grBaKXbl5UC6JkPLQnXo87JKVJuPkAtry4TE3LbkcZkiIetVnbB2QTaK%2B9jn26FaZ2w2pKJWUIw%3D%3D
[debug] [2022-06-15T21:33:42.740Z] >>> [apiv2][body] PUT https://storage.googleapis.com/uploads-367796614444.us-central1.cloudfunctions.appspot.com/08dded20-e172-4870-845c-0cf54b14c63b.zip [stream]
